2020-07-15T11:53:45.6NZ mysqld_safe Logging to '/Users/tvitoux/Mamp/mysql/data/mysqld.log'.
2020-07-15T11:53:45.6NZ mysqld_safe Starting mysqld.bin daemon with databases from /Users/tvitoux/Mamp/mysql/data
2020-07-15T11:53:46.180396Z 0 [System] [MY-010116] [Server] /Users/tvitoux/Mamp/mysql/bin/mysqld.bin (mysqld 8.0.20) starting as process 84691
2020-07-15T11:53:46.222481Z 1 [System] [MY-013576] [InnoDB] InnoDB initialization has started.
2020-07-15T11:53:46.650114Z 1 [System] [MY-013577] [InnoDB] InnoDB initialization has ended.
2020-07-15T11:53:46.783482Z 0 [System] [MY-011323] [Server] X Plugin ready for connections. Socket: '/tmp/mysqlx.sock' bind-address: '::' port: 33060
2020-07-15T11:53:46.918469Z 0 [Warning] [MY-010068] [Server] CA certificate ca.pem is self signed.
2020-07-15T11:53:46.949383Z 0 [System] [MY-010931] [Server] /Users/tvitoux/Mamp/mysql/bin/mysqld.bin: ready for connections. Version: '8.0.20'  socket: '/Users/tvitoux/Mamp/mysql/tmp/mysql.sock'  port: 3306  MySQL Community Server - GPL.
2020-07-15T11:57:30.603753Z 13 [Warning] [MY-013360] [Server] Plugin sha256_password reported: ''sha256_password' is deprecated and will be removed in a future release. Please use caching_sha2_password instead'
2020-07-15T11:57:40.844211Z 14 [Warning] [MY-013360] [Server] Plugin sha256_password reported: ''sha256_password' is deprecated and will be removed in a future release. Please use caching_sha2_password instead'
2020-07-15T11:59:51.503936Z 15 [Warning] [MY-013360] [Server] Plugin sha256_password reported: ''sha256_password' is deprecated and will be removed in a future release. Please use caching_sha2_password instead'
2020-07-15T12:59:10.793956Z 21 [Warning] [MY-013360] [Server] Plugin sha256_password reported: ''sha256_password' is deprecated and will be removed in a future release. Please use caching_sha2_password instead'
2020-07-15T14:12:51.6NZ mysqld_safe Logging to '/Users/tvitoux/Mamp/mysql/data/mysqld.log'.
2020-07-15T14:12:51.6NZ mysqld_safe Starting mysqld.bin daemon with databases from /Users/tvitoux/Mamp/mysql/data
2020-07-15T14:12:51.982907Z 0 [System] [MY-010116] [Server] /Users/tvitoux/Mamp/mysql/bin/mysqld.bin (mysqld 8.0.20) starting as process 1759
2020-07-15T14:12:52.123157Z 1 [System] [MY-013576] [InnoDB] InnoDB initialization has started.
2020-07-15T14:12:53.316616Z 1 [System] [MY-013577] [InnoDB] InnoDB initialization has ended.
2020-07-15T14:12:53.665324Z 0 [System] [MY-011323] [Server] X Plugin ready for connections. Socket: '/tmp/mysqlx.sock' bind-address: '::' port: 33060
2020-07-15T14:12:53.717371Z 0 [System] [MY-010229] [Server] Starting XA crash recovery...
2020-07-15T14:12:53.726964Z 0 [System] [MY-010232] [Server] XA crash recovery finished.
2020-07-15T14:12:53.788428Z 0 [Warning] [MY-010068] [Server] CA certificate ca.pem is self signed.
2020-07-15T14:12:53.863078Z 0 [System] [MY-010931] [Server] /Users/tvitoux/Mamp/mysql/bin/mysqld.bin: ready for connections. Version: '8.0.20'  socket: '/Users/tvitoux/Mamp/mysql/tmp/mysql.sock'  port: 3306  MySQL Community Server - GPL.
2020-07-16T09:10:43.6NZ mysqld_safe Logging to '/Users/tvitoux/Mamp/mysql/data/mysqld.log'.
2020-07-16T09:10:43.6NZ mysqld_safe Starting mysqld.bin daemon with databases from /Users/tvitoux/Mamp/mysql/data
2020-07-16T09:10:44.766283Z 0 [System] [MY-010116] [Server] /Users/tvitoux/Mamp/mysql/bin/mysqld.bin (mysqld 8.0.20) starting as process 60111
2020-07-16T09:10:44.837043Z 1 [System] [MY-013576] [InnoDB] InnoDB initialization has started.
2020-07-16T09:10:46.069741Z 1 [System] [MY-013577] [InnoDB] InnoDB initialization has ended.
2020-07-16T09:10:46.510935Z 0 [System] [MY-011323] [Server] X Plugin ready for connections. Socket: '/tmp/mysqlx.sock' bind-address: '::' port: 33060
2020-07-16T09:10:46.566928Z 0 [System] [MY-010229] [Server] Starting XA crash recovery...
2020-07-16T09:10:46.577872Z 0 [System] [MY-010232] [Server] XA crash recovery finished.
2020-07-16T09:10:46.624593Z 0 [Warning] [MY-010068] [Server] CA certificate ca.pem is self signed.
2020-07-16T09:10:46.697955Z 0 [System] [MY-010931] [Server] /Users/tvitoux/Mamp/mysql/bin/mysqld.bin: ready for connections. Version: '8.0.20'  socket: '/Users/tvitoux/Mamp/mysql/tmp/mysql.sock'  port: 3306  MySQL Community Server - GPL.
2020-07-16T09:42:54.148455Z 0 [System] [MY-010910] [Server] /Users/tvitoux/Mamp/mysql/bin/mysqld.bin: Shutdown complete (mysqld 8.0.20)  MySQL Community Server - GPL.
2020-07-16T09:42:54.6NZ mysqld_safe mysqld from pid file /Users/tvitoux/Mamp/mysql/data/mysqld.pid ended
2020-07-16T09:43:03.6NZ mysqld_safe Logging to '/Users/tvitoux/Mamp/mysql/data/mysqld.log'.
2020-07-16T09:43:03.6NZ mysqld_safe Starting mysqld.bin daemon with databases from /Users/tvitoux/Mamp/mysql/data
2020-07-16T09:43:03.883207Z 0 [System] [MY-010116] [Server] /Users/tvitoux/Mamp/mysql/bin/mysqld.bin (mysqld 8.0.20) starting as process 65369
2020-07-16T09:43:03.901205Z 1 [System] [MY-013576] [InnoDB] InnoDB initialization has started.
2020-07-16T09:43:04.875993Z 1 [System] [MY-013577] [InnoDB] InnoDB initialization has ended.
2020-07-16T09:43:05.129658Z 0 [System] [MY-011323] [Server] X Plugin ready for connections. Socket: '/tmp/mysqlx.sock' bind-address: '::' port: 33060
2020-07-16T09:43:05.329638Z 0 [Warning] [MY-010068] [Server] CA certificate ca.pem is self signed.
2020-07-16T09:43:05.398396Z 0 [System] [MY-010931] [Server] /Users/tvitoux/Mamp/mysql/bin/mysqld.bin: ready for connections. Version: '8.0.20'  socket: '/Users/tvitoux/Mamp/mysql/tmp/mysql.sock'  port: 3306  MySQL Community Server - GPL.
2020-07-16T09:43:14.229173Z 0 [System] [MY-010910] [Server] /Users/tvitoux/Mamp/mysql/bin/mysqld.bin: Shutdown complete (mysqld 8.0.20)  MySQL Community Server - GPL.
2020-07-16T09:43:14.6NZ mysqld_safe mysqld from pid file /Users/tvitoux/Mamp/mysql/data/mysqld.pid ended
2020-07-16T09:43:23.6NZ mysqld_safe Logging to '/Users/tvitoux/Mamp/mysql/data/mysqld.log'.
2020-07-16T09:43:23.6NZ mysqld_safe Starting mysqld.bin daemon with databases from /Users/tvitoux/Mamp/mysql/data
2020-07-16T09:43:24.149760Z 0 [System] [MY-010116] [Server] /Users/tvitoux/Mamp/mysql/bin/mysqld.bin (mysqld 8.0.20) starting as process 65796
2020-07-16T09:43:24.167444Z 1 [System] [MY-013576] [InnoDB] InnoDB initialization has started.
2020-07-16T09:43:25.160093Z 1 [System] [MY-013577] [InnoDB] InnoDB initialization has ended.
2020-07-16T09:43:25.300548Z 0 [System] [MY-011323] [Server] X Plugin ready for connections. Socket: '/tmp/mysqlx.sock' bind-address: '::' port: 33060
2020-07-16T09:43:25.349109Z 0 [Warning] [MY-010068] [Server] CA certificate ca.pem is self signed.
2020-07-16T09:43:25.372166Z 0 [System] [MY-010931] [Server] /Users/tvitoux/Mamp/mysql/bin/mysqld.bin: ready for connections. Version: '8.0.20'  socket: '/Users/tvitoux/Mamp/mysql/tmp/mysql.sock'  port: 3306  MySQL Community Server - GPL.
